

*******************************************************************************
Fri May 15 16:02:04 2020


FIT:    data read from "Out.txt" index 0 using 1:2
        format = x:z
        #datapoints = 90
        residuals are weighted equally (unit weight)

function used for fitting: fee(x)
	fee(x)=A*x**B
fitted parameters initialized with current variable values

iter      chisq       delta/lim  lambda   A             B            
   0 1.5900496524e+05   0.00e+00  1.16e+02    1.000000e+00   3.000000e-01
 219 8.0940816823e-09  -6.01e-05  1.16e-08    2.892525e+00  -5.000662e-01

After 219 iterations the fit converged.
final sum of squares of residuals : 8.09408e-09
rel. change during last iteration : -6.01354e-10

degrees of freedom    (FIT_NDF)                        : 88
rms of residuals      (FIT_STDFIT) = sqrt(WSSR/ndf)    : 9.59053e-06
variance of residuals (reduced chisquare) = WSSR/ndf   : 9.19782e-11

Final set of parameters            Asymptotic Standard Error
=======================            ==========================
A               = 2.89253          +/- 0.007842     (0.2711%)
B               = -0.500066        +/- 0.0002273    (0.04546%)

correlation matrix of the fit parameters:
                A      B      
A               1.000 
B              -0.998  1.000 


*******************************************************************************
Fri May 15 16:02:04 2020


FIT:    data read from "Out.txt" index 0 using 1:3
        format = x:z
        #datapoints = 90
        residuals are weighted equally (unit weight)

function used for fitting: fae(x)
	fae(x)=C*x**D
fitted parameters initialized with current variable values

iter      chisq       delta/lim  lambda   C             D            
   0 1.5901234996e+05   0.00e+00  1.16e+02    1.000000e+00   3.000000e-01
 263 1.5675260859e-03  -1.09e-03  1.16e-07    4.795923e+00  -5.566725e-01

After 263 iterations the fit converged.
final sum of squares of residuals : 0.00156753
rel. change during last iteration : -1.08925e-08

degrees of freedom    (FIT_NDF)                        : 88
rms of residuals      (FIT_STDFIT) = sqrt(WSSR/ndf)    : 0.00422052
variance of residuals (reduced chisquare) = WSSR/ndf   : 1.78128e-05

Final set of parameters            Asymptotic Standard Error
=======================            ==========================
C               = 4.79592          +/- 6.761        (141%)
D               = -0.556672        +/- 0.1187       (21.33%)

correlation matrix of the fit parameters:
                C      D      
C               1.000 
D              -0.998  1.000 
