

*******************************************************************************
Wed Jun  3 12:24:48 2020


FIT:    data read from "Out_times.txt" using ($1):($3)
        format = x:z
        #datapoints = 9
        residuals are weighted equally (unit weight)

function used for fitting: fc(x)
	fc(x)=bc+(x/ac)**cc
fitted parameters initialized with current variable values

iter      chisq       delta/lim  lambda   ac            bc            cc           
   0 1.9370093139e+12   0.00e+00  3.77e+06    1.000000e+01   1.000000e+00   3.000000e+00
  12 2.0485404714e+06  -3.06e-01  3.77e-06    6.846159e+01   4.329590e+02   3.445102e+00

After 12 iterations the fit converged.
final sum of squares of residuals : 2.04854e+06
rel. change during last iteration : -3.05824e-06

degrees of freedom    (FIT_NDF)                        : 6
rms of residuals      (FIT_STDFIT) = sqrt(WSSR/ndf)    : 584.314
variance of residuals (reduced chisquare) = WSSR/ndf   : 341423

Final set of parameters            Asymptotic Standard Error
=======================            ==========================
ac              = 68.4616          +/- 26.32        (38.44%)
bc              = 432.959          +/- 388.7        (89.77%)
cc              = 3.4451           +/- 0.4899       (14.22%)

correlation matrix of the fit parameters:
                ac     bc     cc     
ac              1.000 
bc              0.745  1.000 
cc              0.999  0.725  1.000 


*******************************************************************************
Wed Jun  3 12:24:48 2020


FIT:    data read from "Out_times.txt" using ($1):($2)
        format = x:z
        #datapoints = 9
        residuals are weighted equally (unit weight)

function used for fitting: fd(x)
	fd(x)=bd+(x/ad)**cd
fitted parameters initialized with current variable values

iter      chisq       delta/lim  lambda   ad            bd            cd           
   0 1.9634812516e+12   0.00e+00  3.77e+06    1.000000e+01   1.000000e+00   3.000000e+00
  12 3.3358185985e+05  -4.88e-01  3.77e-06    1.475783e+02   6.924981e+01   4.351761e+00

After 12 iterations the fit converged.
final sum of squares of residuals : 333582
rel. change during last iteration : -4.88194e-06

degrees of freedom    (FIT_NDF)                        : 6
rms of residuals      (FIT_STDFIT) = sqrt(WSSR/ndf)    : 235.79
variance of residuals (reduced chisquare) = WSSR/ndf   : 55597

Final set of parameters            Asymptotic Standard Error
=======================            ==========================
ad              = 147.578          +/- 39.16        (26.54%)
bd              = 69.2498          +/- 135.6        (195.7%)
cd              = 4.35176          +/- 0.601        (13.81%)

correlation matrix of the fit parameters:
                ad     bd     cd     
ad              1.000 
bd              0.686  1.000 
cd              0.999  0.662  1.000 
