

*******************************************************************************
Thu Mar 26 14:29:31 2020


FIT:    data read from "B_times_out.txt" index 0
        format = z
        #datapoints = 23
        residuals are weighted equally (unit weight)

function used for fitting: fc(x)
	fc(x)=bc+(x/ac)**cc
fitted parameters initialized with current variable values

iter      chisq       delta/lim  lambda   ac            bc           
   0 2.3873986958e+04   0.00e+00  2.49e+00    9.000000e+01   1.000000e+00
  12 5.2456192314e+03  -5.30e-03  2.49e-03    3.059910e+01   2.182543e+00

After 12 iterations the fit converged.
final sum of squares of residuals : 5245.62
rel. change during last iteration : -5.29796e-08

degrees of freedom    (FIT_NDF)                        : 21
rms of residuals      (FIT_STDFIT) = sqrt(WSSR/ndf)    : 15.8048
variance of residuals (reduced chisquare) = WSSR/ndf   : 249.791

Final set of parameters            Asymptotic Standard Error
=======================            ==========================
ac              = 30.5991          +/- 1.633        (5.337%)
bc              = 2.18254          +/- 4.595        (210.5%)

correlation matrix of the fit parameters:
                ac     bc     
ac              1.000 
bc              0.697  1.000 


*******************************************************************************
Thu Mar 26 14:29:31 2020


FIT:    data read from "B_times_out.txt" index 1
        format = z
        #datapoints = 20
        residuals are weighted equally (unit weight)

function used for fitting: fv(x)
	fv(x)=bv+(x/av)**cv
fitted parameters initialized with current variable values

iter      chisq       delta/lim  lambda   av            bv           
   0 6.6719539896e+07   0.00e+00  1.39e+00    9.000000e+01   1.000000e+00
   4 4.1456813202e+07  -3.76e-04  1.39e-03   -2.125811e+04   1.125800e+03

After 4 iterations the fit converged.
final sum of squares of residuals : 4.14568e+07
rel. change during last iteration : -3.75887e-09

degrees of freedom    (FIT_NDF)                        : 18
rms of residuals      (FIT_STDFIT) = sqrt(WSSR/ndf)    : 1517.62
variance of residuals (reduced chisquare) = WSSR/ndf   : 2.30316e+06

Final set of parameters            Asymptotic Standard Error
=======================            ==========================
av              = -21258.1         +/- 7.586e+13    (3.569e+11%)
bv              = 1125.8           +/- 457.3        (40.62%)

correlation matrix of the fit parameters:
                av     bv     
av              1.000 
bv              0.670  1.000 


*******************************************************************************
Thu Mar 26 14:30:26 2020


FIT:    data read from "B_times_out.txt" index 1
        format = z
        #datapoints = 20
        residuals are weighted equally (unit weight)

function used for fitting: fc(x)
	fc(x)=bc+(x/ac)**cc
fitted parameters initialized with current variable values

iter      chisq       delta/lim  lambda   ac            bc           
   0 6.6719539896e+07   0.00e+00  1.39e+00    9.000000e+01   1.000000e+00
   4 4.1456813202e+07  -3.76e-04  1.39e-03   -2.125811e+04   1.125800e+03

After 4 iterations the fit converged.
final sum of squares of residuals : 4.14568e+07
rel. change during last iteration : -3.75887e-09

degrees of freedom    (FIT_NDF)                        : 18
rms of residuals      (FIT_STDFIT) = sqrt(WSSR/ndf)    : 1517.62
variance of residuals (reduced chisquare) = WSSR/ndf   : 2.30316e+06

Final set of parameters            Asymptotic Standard Error
=======================            ==========================
ac              = -21258.1         +/- 7.586e+13    (3.569e+11%)
bc              = 1125.8           +/- 457.3        (40.62%)

correlation matrix of the fit parameters:
                ac     bc     
ac              1.000 
bc              0.670  1.000 


*******************************************************************************
Thu Mar 26 14:30:26 2020


FIT:    data read from "B_times_out.txt" index 2
        format = z
        #datapoints = 20
        residuals are weighted equally (unit weight)

function used for fitting: fv(x)
	fv(x)=bv+(x/av)**cv
fitted parameters initialized with current variable values

iter      chisq       delta/lim  lambda   av            bv           
   0 1.7652349999e+04   0.00e+00  1.39e+00    9.000000e+01   1.000000e+00
   4 1.0800802720e+04  -6.96e-01  1.39e-03   -4.706674e+03   2.039961e+01

After 4 iterations the fit converged.
final sum of squares of residuals : 10800.8
rel. change during last iteration : -6.95507e-06

degrees of freedom    (FIT_NDF)                        : 18
rms of residuals      (FIT_STDFIT) = sqrt(WSSR/ndf)    : 24.4958
variance of residuals (reduced chisquare) = WSSR/ndf   : 600.045

Final set of parameters            Asymptotic Standard Error
=======================            ==========================
av              = -4706.67         +/- 2.942e+09    (6.25e+07%)
bv              = 20.3996          +/- 7.381        (36.18%)

correlation matrix of the fit parameters:
                av     bv     
av              1.000 
bv              0.670  1.000 


*******************************************************************************
Thu Mar 26 14:32:03 2020


FIT:    data read from "B_times_out.txt" index 0
        format = z
        #datapoints = 23
        residuals are weighted equally (unit weight)

function used for fitting: fc(x)
	fc(x)=bc+(x/ac)**cc
fitted parameters initialized with current variable values

iter      chisq       delta/lim  lambda   ac            bc           
   0 2.3873986958e+04   0.00e+00  2.49e+00    9.000000e+01   1.000000e+00
  12 5.2456192314e+03  -5.30e-03  2.49e-03    3.059910e+01   2.182543e+00

After 12 iterations the fit converged.
final sum of squares of residuals : 5245.62
rel. change during last iteration : -5.29796e-08

degrees of freedom    (FIT_NDF)                        : 21
rms of residuals      (FIT_STDFIT) = sqrt(WSSR/ndf)    : 15.8048
variance of residuals (reduced chisquare) = WSSR/ndf   : 249.791

Final set of parameters            Asymptotic Standard Error
=======================            ==========================
ac              = 30.5991          +/- 1.633        (5.337%)
bc              = 2.18254          +/- 4.595        (210.5%)

correlation matrix of the fit parameters:
                ac     bc     
ac              1.000 
bc              0.697  1.000 


*******************************************************************************
Thu Mar 26 14:32:03 2020


FIT:    data read from "B_times_out.txt" index 2
        format = z
        #datapoints = 20
        residuals are weighted equally (unit weight)

function used for fitting: fv(x)
	fv(x)=bv+(x/av)**cv
fitted parameters initialized with current variable values

iter      chisq       delta/lim  lambda   av            bv           
   0 1.7652349999e+04   0.00e+00  1.39e+00    9.000000e+01   1.000000e+00
   4 1.0800802720e+04  -6.96e-01  1.39e-03   -4.706674e+03   2.039961e+01

After 4 iterations the fit converged.
final sum of squares of residuals : 10800.8
rel. change during last iteration : -6.95507e-06

degrees of freedom    (FIT_NDF)                        : 18
rms of residuals      (FIT_STDFIT) = sqrt(WSSR/ndf)    : 24.4958
variance of residuals (reduced chisquare) = WSSR/ndf   : 600.045

Final set of parameters            Asymptotic Standard Error
=======================            ==========================
av              = -4706.67         +/- 2.942e+09    (6.25e+07%)
bv              = 20.3996          +/- 7.381        (36.18%)

correlation matrix of the fit parameters:
                av     bv     
av              1.000 
bv              0.670  1.000 


*******************************************************************************
Thu Mar 26 14:32:36 2020


FIT:    data read from "B_times_out.txt" index 1
        format = z
        #datapoints = 20
        residuals are weighted equally (unit weight)

function used for fitting: fc(x)
	fc(x)=bc+(x/ac)**cc
fitted parameters initialized with current variable values

iter      chisq       delta/lim  lambda   ac            bc           
   0 6.6719539896e+07   0.00e+00  1.39e+00    9.000000e+01   1.000000e+00
   4 4.1456813202e+07  -3.76e-04  1.39e-03   -2.125811e+04   1.125800e+03

After 4 iterations the fit converged.
final sum of squares of residuals : 4.14568e+07
rel. change during last iteration : -3.75887e-09

degrees of freedom    (FIT_NDF)                        : 18
rms of residuals      (FIT_STDFIT) = sqrt(WSSR/ndf)    : 1517.62
variance of residuals (reduced chisquare) = WSSR/ndf   : 2.30316e+06

Final set of parameters            Asymptotic Standard Error
=======================            ==========================
ac              = -21258.1         +/- 7.586e+13    (3.569e+11%)
bc              = 1125.8           +/- 457.3        (40.62%)

correlation matrix of the fit parameters:
                ac     bc     
ac              1.000 
bc              0.670  1.000 


*******************************************************************************
Thu Mar 26 14:34:31 2020


FIT:    data read from "B_times_out.txt" index 1
        format = z
        #datapoints = 20
        residuals are weighted equally (unit weight)

function used for fitting: fc(x)
	fc(x)=bc+(x/ac)**cc
fitted parameters initialized with current variable values

Warning: Initial value of parameter 'bc' is zero.
iter      chisq       delta/lim  lambda   ac            bc           
   0 4.0447461781e+07   0.00e+00  8.71e+02    1.000000e+01   1.000000e-30
BREAK: Singular matrix in Invert_RtR

*******************************************************************************
Thu Mar 26 14:34:56 2020


FIT:    data read from "B_times_out.txt" index 1
        format = z
        #datapoints = 20
        residuals are weighted equally (unit weight)

function used for fitting: fc(x)
	fc(x)=bc+(x/ac)**cc
fitted parameters initialized with current variable values

iter      chisq       delta/lim  lambda   ac            bc           
   0 4.0413474781e+07   0.00e+00  8.71e+02    1.000000e+01   1.000000e+00
   7 1.1584973462e+06  -1.74e-04  8.71e-04    5.990699e+00  -1.561941e+02

After 7 iterations the fit converged.
final sum of squares of residuals : 1.1585e+06
rel. change during last iteration : -1.73634e-09

degrees of freedom    (FIT_NDF)                        : 18
rms of residuals      (FIT_STDFIT) = sqrt(WSSR/ndf)    : 253.695
variance of residuals (reduced chisquare) = WSSR/ndf   : 64361

Final set of parameters            Asymptotic Standard Error
=======================            ==========================
ac              = 5.9907           +/- 0.07996      (1.335%)
bc              = -156.194         +/- 76.44        (48.94%)

correlation matrix of the fit parameters:
                ac     bc     
ac              1.000 
bc              0.670  1.000 


*******************************************************************************
Thu Mar 26 14:35:56 2020


FIT:    data read from "B_times_out.txt" index 2
        format = z
        #datapoints = 20
        residuals are weighted equally (unit weight)

function used for fitting: fc(x)
	fc(x)=bc+(x/ac)**cc
fitted parameters initialized with current variable values

iter      chisq       delta/lim  lambda   ac            bc           
   0 2.9032617812e+06   0.00e+00  8.71e+02    1.000000e+01   1.000000e+00
   7 2.8930989476e+01  -2.12e-02  8.71e-05    2.360352e+01  -5.598471e-01

After 7 iterations the fit converged.
final sum of squares of residuals : 28.931
rel. change during last iteration : -2.11635e-07

degrees of freedom    (FIT_NDF)                        : 18
rms of residuals      (FIT_STDFIT) = sqrt(WSSR/ndf)    : 1.26778
variance of residuals (reduced chisquare) = WSSR/ndf   : 1.60728

Final set of parameters            Asymptotic Standard Error
=======================            ==========================
ac              = 23.6035          +/- 0.0963       (0.408%)
bc              = -0.559847        +/- 0.382        (68.23%)

correlation matrix of the fit parameters:
                ac     bc     
ac              1.000 
bc              0.670  1.000 


*******************************************************************************
Thu Mar 26 14:36:40 2020


FIT:    data read from "B_times_out.txt" index 2
        format = z
        #datapoints = 20
        residuals are weighted equally (unit weight)

function used for fitting: fc(x)
	fc(x)=bc+(x/ac)**cc
fitted parameters initialized with current variable values

iter      chisq       delta/lim  lambda   ac            bc           
   0 2.9032617812e+06   0.00e+00  8.71e+02    1.000000e+01   1.000000e+00
   7 2.8930989476e+01  -2.12e-02  8.71e-05    2.360352e+01  -5.598471e-01

After 7 iterations the fit converged.
final sum of squares of residuals : 28.931
rel. change during last iteration : -2.11635e-07

degrees of freedom    (FIT_NDF)                        : 18
rms of residuals      (FIT_STDFIT) = sqrt(WSSR/ndf)    : 1.26778
variance of residuals (reduced chisquare) = WSSR/ndf   : 1.60728

Final set of parameters            Asymptotic Standard Error
=======================            ==========================
ac              = 23.6035          +/- 0.0963       (0.408%)
bc              = -0.559847        +/- 0.382        (68.23%)

correlation matrix of the fit parameters:
                ac     bc     
ac              1.000 
bc              0.670  1.000 


*******************************************************************************
Thu Mar 26 14:39:01 2020


FIT:    data read from "B_times_out.txt" index 2
        format = z
        #datapoints = 20
        residuals are weighted equally (unit weight)

function used for fitting: fc(x)
	fc(x)=bc+(x/ac)**cc
fitted parameters initialized with current variable values

iter      chisq       delta/lim  lambda   ac            bc           
   0 2.9032617812e+06   0.00e+00  8.71e+02    1.000000e+01   1.000000e+00
   7 2.8930989476e+01  -2.12e-02  8.71e-05    2.360352e+01  -5.598471e-01

After 7 iterations the fit converged.
final sum of squares of residuals : 28.931
rel. change during last iteration : -2.11635e-07

degrees of freedom    (FIT_NDF)                        : 18
rms of residuals      (FIT_STDFIT) = sqrt(WSSR/ndf)    : 1.26778
variance of residuals (reduced chisquare) = WSSR/ndf   : 1.60728

Final set of parameters            Asymptotic Standard Error
=======================            ==========================
ac              = 23.6035          +/- 0.0963       (0.408%)
bc              = -0.559847        +/- 0.382        (68.23%)

correlation matrix of the fit parameters:
                ac     bc     
ac              1.000 
bc              0.670  1.000 


*******************************************************************************
Thu Mar 26 14:42:45 2020


FIT:    data read from "B_times_out.txt" index 2
        format = z
        #datapoints = 32
        residuals are weighted equally (unit weight)

function used for fitting: fc(x)
	fc(x)=bc+(x/ac)**cc
fitted parameters initialized with current variable values

iter      chisq       delta/lim  lambda   ac            bc           
   0 2.7719790150e+08   0.00e+00  6.84e+03    1.000000e+01   1.000000e+00
   7 1.4885544283e+04  -2.04e-06  6.84e-04    2.204117e+01  -1.515902e+01

After 7 iterations the fit converged.
final sum of squares of residuals : 14885.5
rel. change during last iteration : -2.04437e-11

degrees of freedom    (FIT_NDF)                        : 30
rms of residuals      (FIT_STDFIT) = sqrt(WSSR/ndf)    : 22.2752
variance of residuals (reduced chisquare) = WSSR/ndf   : 496.185

Final set of parameters            Asymptotic Standard Error
=======================            ==========================
ac              = 22.0412          +/- 0.1414       (0.6415%)
bc              = -15.159          +/- 5.799        (38.25%)

correlation matrix of the fit parameters:
                ac     bc     
ac              1.000 
bc              0.734  1.000 


*******************************************************************************
Thu Mar 26 14:44:34 2020


FIT:    data read from "B_times_out.txt" index 2
        format = z
        #datapoints = 36
        residuals are weighted equally (unit weight)

function used for fitting: fc(x)
	fc(x)=bc+(x/ac)**cc
fitted parameters initialized with current variable values

iter      chisq       delta/lim  lambda   ac            bc           
   0 2.8289571441e+08   0.00e+00  6.45e+03    1.000000e+01   1.000000e+00
   7 1.0637844293e+03  -2.15e-03  6.45e-04    2.305142e+01  -4.511415e+00

After 7 iterations the fit converged.
final sum of squares of residuals : 1063.78
rel. change during last iteration : -2.149e-08

degrees of freedom    (FIT_NDF)                        : 34
rms of residuals      (FIT_STDFIT) = sqrt(WSSR/ndf)    : 5.59355
variance of residuals (reduced chisquare) = WSSR/ndf   : 31.2878

Final set of parameters            Asymptotic Standard Error
=======================            ==========================
ac              = 23.0514          +/- 0.04         (0.1735%)
bc              = -4.51142         +/- 1.293        (28.66%)

correlation matrix of the fit parameters:
                ac     bc     
ac              1.000 
bc              0.693  1.000 


*******************************************************************************
Thu Mar 26 14:45:05 2020


FIT:    data read from "B_times_out.txt" index 2
        format = z
        #datapoints = 36
        residuals are weighted equally (unit weight)

function used for fitting: fc(x)
	fc(x)=bc+(x/ac)**cc
fitted parameters initialized with current variable values

iter      chisq       delta/lim  lambda   ac            bc           
   0 2.8289571441e+08   0.00e+00  6.45e+03    1.000000e+01   1.000000e+00
   7 1.0637844293e+03  -2.15e-03  6.45e-04    2.305142e+01  -4.511415e+00

After 7 iterations the fit converged.
final sum of squares of residuals : 1063.78
rel. change during last iteration : -2.149e-08

degrees of freedom    (FIT_NDF)                        : 34
rms of residuals      (FIT_STDFIT) = sqrt(WSSR/ndf)    : 5.59355
variance of residuals (reduced chisquare) = WSSR/ndf   : 31.2878

Final set of parameters            Asymptotic Standard Error
=======================            ==========================
ac              = 23.0514          +/- 0.04         (0.1735%)
bc              = -4.51142         +/- 1.293        (28.66%)

correlation matrix of the fit parameters:
                ac     bc     
ac              1.000 
bc              0.693  1.000 


*******************************************************************************
Thu Mar 26 14:45:31 2020


FIT:    data read from "B_times_out.txt" index 2
        format = z
        #datapoints = 36
        residuals are weighted equally (unit weight)

function used for fitting: fc(x)
	fc(x)=bc+(x/ac)**cc
fitted parameters initialized with current variable values

iter      chisq       delta/lim  lambda   ac            bc           
   0 2.8289571441e+08   0.00e+00  6.45e+03    1.000000e+01   1.000000e+00
   7 1.0637844293e+03  -2.15e-03  6.45e-04    2.305142e+01  -4.511415e+00

After 7 iterations the fit converged.
final sum of squares of residuals : 1063.78
rel. change during last iteration : -2.149e-08

degrees of freedom    (FIT_NDF)                        : 34
rms of residuals      (FIT_STDFIT) = sqrt(WSSR/ndf)    : 5.59355
variance of residuals (reduced chisquare) = WSSR/ndf   : 31.2878

Final set of parameters            Asymptotic Standard Error
=======================            ==========================
ac              = 23.0514          +/- 0.04         (0.1735%)
bc              = -4.51142         +/- 1.293        (28.66%)

correlation matrix of the fit parameters:
                ac     bc     
ac              1.000 
bc              0.693  1.000 


*******************************************************************************
Thu Mar 26 14:45:47 2020


FIT:    data read from "B_times_out.txt" index 2
        format = z
        #datapoints = 36
        residuals are weighted equally (unit weight)

function used for fitting: fc(x)
	fc(x)=bc+(x/ac)**cc
fitted parameters initialized with current variable values

iter      chisq       delta/lim  lambda   ac            bc           
   0 2.8289571441e+08   0.00e+00  6.45e+03    1.000000e+01   1.000000e+00
   7 1.0637844293e+03  -2.15e-03  6.45e-04    2.305142e+01  -4.511415e+00

After 7 iterations the fit converged.
final sum of squares of residuals : 1063.78
rel. change during last iteration : -2.149e-08

degrees of freedom    (FIT_NDF)                        : 34
rms of residuals      (FIT_STDFIT) = sqrt(WSSR/ndf)    : 5.59355
variance of residuals (reduced chisquare) = WSSR/ndf   : 31.2878

Final set of parameters            Asymptotic Standard Error
=======================            ==========================
ac              = 23.0514          +/- 0.04         (0.1735%)
bc              = -4.51142         +/- 1.293        (28.66%)

correlation matrix of the fit parameters:
                ac     bc     
ac              1.000 
bc              0.693  1.000 


*******************************************************************************
Thu Mar 26 14:48:27 2020


FIT:    data read from "B_times_out.txt" index 2
        format = z
        #datapoints = 32
        residuals are weighted equally (unit weight)

function used for fitting: fc(x)
	fc(x)=bc+(x/ac)**cc
fitted parameters initialized with current variable values

iter      chisq       delta/lim  lambda   ac            bc           
   0 2.7854686300e+08   0.00e+00  6.84e+03    1.000000e+01   1.000000e+00
   7 3.2770150085e+03  -1.69e-04  6.84e-04    2.236798e+01  -7.240774e+00

After 7 iterations the fit converged.
final sum of squares of residuals : 3277.02
rel. change during last iteration : -1.68508e-09

degrees of freedom    (FIT_NDF)                        : 30
rms of residuals      (FIT_STDFIT) = sqrt(WSSR/ndf)    : 10.4515
variance of residuals (reduced chisquare) = WSSR/ndf   : 109.234

Final set of parameters            Asymptotic Standard Error
=======================            ==========================
ac              = 22.368           +/- 0.07036      (0.3146%)
bc              = -7.24077         +/- 2.721        (37.58%)

correlation matrix of the fit parameters:
                ac     bc     
ac              1.000 
bc              0.734  1.000 


*******************************************************************************
Thu Mar 26 14:49:11 2020


FIT:    data read from "B_times_out.txt" index 2
        format = z
        #datapoints = 32
        residuals are weighted equally (unit weight)

function used for fitting: fc(x)
	fc(x)=bc+(x/ac)**cc
fitted parameters initialized with current variable values

iter      chisq       delta/lim  lambda   ac            bc           
   0 2.8216216050e+08   0.00e+00  6.84e+03    1.000000e+01   1.000000e+00
   7 1.0540072117e+03  -3.35e-04  6.84e-04    2.292851e+01  -5.094841e+00

After 7 iterations the fit converged.
final sum of squares of residuals : 1054.01
rel. change during last iteration : -3.35478e-09

degrees of freedom    (FIT_NDF)                        : 30
rms of residuals      (FIT_STDFIT) = sqrt(WSSR/ndf)    : 5.92736
variance of residuals (reduced chisquare) = WSSR/ndf   : 35.1336

Final set of parameters            Asymptotic Standard Error
=======================            ==========================
ac              = 22.9285          +/- 0.04406      (0.1921%)
bc              = -5.09484         +/- 1.543        (30.29%)

correlation matrix of the fit parameters:
                ac     bc     
ac              1.000 
bc              0.734  1.000 


*******************************************************************************
Thu Mar 26 14:49:41 2020


FIT:    data read from "B_times_out.txt" index 2
        format = z
        #datapoints = 32
        residuals are weighted equally (unit weight)

function used for fitting: fc(x)
	fc(x)=bc+(x/ac)**cc
fitted parameters initialized with current variable values

iter      chisq       delta/lim  lambda   ac            bc           
   0 2.8216216050e+08   0.00e+00  6.84e+03    1.000000e+01   1.000000e+00
   7 1.0540072117e+03  -3.35e-04  6.84e-04    2.292851e+01  -5.094841e+00

After 7 iterations the fit converged.
final sum of squares of residuals : 1054.01
rel. change during last iteration : -3.35478e-09

degrees of freedom    (FIT_NDF)                        : 30
rms of residuals      (FIT_STDFIT) = sqrt(WSSR/ndf)    : 5.92736
variance of residuals (reduced chisquare) = WSSR/ndf   : 35.1336

Final set of parameters            Asymptotic Standard Error
=======================            ==========================
ac              = 22.9285          +/- 0.04406      (0.1921%)
bc              = -5.09484         +/- 1.543        (30.29%)

correlation matrix of the fit parameters:
                ac     bc     
ac              1.000 
bc              0.734  1.000 


*******************************************************************************
Thu Mar 26 14:49:53 2020


FIT:    data read from "B_times_out.txt" index 2
        format = z
        #datapoints = 32
        residuals are weighted equally (unit weight)

function used for fitting: fc(x)
	fc(x)=bc+(x/ac)**cc
fitted parameters initialized with current variable values

iter      chisq       delta/lim  lambda   ac            bc           
   0 2.8216216050e+08   0.00e+00  6.84e+03    1.000000e+01   1.000000e+00
   7 1.0540072117e+03  -3.35e-04  6.84e-04    2.292851e+01  -5.094841e+00

After 7 iterations the fit converged.
final sum of squares of residuals : 1054.01
rel. change during last iteration : -3.35478e-09

degrees of freedom    (FIT_NDF)                        : 30
rms of residuals      (FIT_STDFIT) = sqrt(WSSR/ndf)    : 5.92736
variance of residuals (reduced chisquare) = WSSR/ndf   : 35.1336

Final set of parameters            Asymptotic Standard Error
=======================            ==========================
ac              = 22.9285          +/- 0.04406      (0.1921%)
bc              = -5.09484         +/- 1.543        (30.29%)

correlation matrix of the fit parameters:
                ac     bc     
ac              1.000 
bc              0.734  1.000 


*******************************************************************************
Thu Mar 26 14:51:13 2020


FIT:    data read from "B_times_out.txt" index 2
        format = z
        #datapoints = 32
        residuals are weighted equally (unit weight)

function used for fitting: fc(x)
	fc(x)=bc+(x/ac)**cc
fitted parameters initialized with current variable values

iter      chisq       delta/lim  lambda   ac            bc           
   0 2.8226290000e+08   0.00e+00  6.84e+03    1.000000e+01   1.000000e+00
   7 1.1133637486e+03  -1.10e-04  6.84e-04    2.292575e+01  -5.947189e+00

After 7 iterations the fit converged.
final sum of squares of residuals : 1113.36
rel. change during last iteration : -1.10315e-09

degrees of freedom    (FIT_NDF)                        : 30
rms of residuals      (FIT_STDFIT) = sqrt(WSSR/ndf)    : 6.09197
variance of residuals (reduced chisquare) = WSSR/ndf   : 37.1121

Final set of parameters            Asymptotic Standard Error
=======================            ==========================
ac              = 22.9257          +/- 0.04526      (0.1974%)
bc              = -5.94719         +/- 1.586        (26.67%)

correlation matrix of the fit parameters:
                ac     bc     
ac              1.000 
bc              0.734  1.000 
